<?xml version="1.0" encoding="UTF-8"?>
<testsuite xmlns:xsi="http://www.w3.org/2001/XMLSchema-instance" xsi:noNamespaceSchemaLocation="https://maven.apache.org/surefire/maven-surefire-plugin/xsd/surefire-test-report-3.0.xsd" version="3.0" name="com.ckdev.guitarshop_api.repos.GuitarRepoIntegrationTests" time="15.222" tests="1" errors="0" skipped="0" failures="0">
  <properties>
[...]
</properties>
  <testcase name="testThatAuthorCanBeCreatedAndRecalled" classname="com.ckdev.guitarshop_api.repos.GuitarRepoIntegrationTests" time="3.504">
    <system-out><![CDATA[12:46:33.729 [main] INFO org.springframework.test.context.support.AnnotationConfigContextLoaderUtils -- Could not detect default configuration classes for test class [com.ckdev.guitarshop_api.repos.GuitarRepoIntegrationTests]: GuitarRepoIntegrationTests does not declare any static, non-private, non-final, nested classes annotated with @Configuration.
12:46:33.903 [main] INFO org.springframework.boot.test.context.SpringBootTestContextBootstrapper -- Found @SpringBootConfiguration com.ckdev.guitarshop_api.GuitarshopApiApplication for test class com.ckdev.guitarshop_api.repos.GuitarRepoIntegrationTests

  .   ____          _            __ _ _
 /\\ / ___'_ __ _ _(_)_ __  __ _ \ \ \ \
( ( )\___ | '_ | '_| | '_ \/ _` | \ \ \ \
 \\/  ___)| |_)| | | | | || (_| |  ) ) ) )
  '  |____| .__|_| |_|_| |_\__, | / / / /
 =========|_|==============|___/=/_/_/_/
 :: Spring Boot ::                (v3.2.0)

2024-01-03T12:46:34.598-05:00  INFO 85656 --- [           main] c.c.g.repos.GuitarRepoIntegrationTests   : Starting GuitarRepoIntegrationTests using Java 17.0.9 with PID 85656 (started by mattli in /Users/mattli/Desktop/OnGoing/projects/guitarshop/guitarshop_api)
2024-01-03T12:46:34.600-05:00  INFO 85656 --- [           main] c.c.g.repos.GuitarRepoIntegrationTests   : No active profile set, falling back to 1 default profile: "default"
2024-01-03T12:46:36.048-05:00  INFO 85656 --- [           main] .s.d.r.c.RepositoryConfigurationDelegate : Bootstrapping Spring Data JPA repositories in DEFAULT mode.
2024-01-03T12:46:36.204-05:00  INFO 85656 --- [           main] .s.d.r.c.RepositoryConfigurationDelegate : Finished Spring Data repository scanning in 133 ms. Found 3 JPA repository interfaces.
2024-01-03T12:46:36.885-05:00  INFO 85656 --- [           main] o.hibernate.jpa.internal.util.LogHelper  : HHH000204: Processing PersistenceUnitInfo [name: default]
2024-01-03T12:46:36.999-05:00  INFO 85656 --- [           main] org.hibernate.Version                    : HHH000412: Hibernate ORM core version 6.3.1.Final
2024-01-03T12:46:37.057-05:00  INFO 85656 --- [           main] o.h.c.internal.RegionFactoryInitiator    : HHH000026: Second-level cache disabled
2024-01-03T12:46:37.431-05:00  INFO 85656 --- [           main] o.s.o.j.p.SpringPersistenceUnitInfo      : No LoadTimeWeaver setup: ignoring JPA class transformer
2024-01-03T12:46:37.468-05:00  INFO 85656 --- [           main] com.zaxxer.hikari.HikariDataSource       : HikariPool-1 - Starting...
2024-01-03T12:46:39.352-05:00  INFO 85656 --- [           main] com.zaxxer.hikari.pool.HikariPool        : HikariPool-1 - Added connection org.postgresql.jdbc.PgConnection@67941d
2024-01-03T12:46:39.354-05:00  INFO 85656 --- [           main] com.zaxxer.hikari.HikariDataSource       : HikariPool-1 - Start completed.
2024-01-03T12:46:39.518-05:00  WARN 85656 --- [           main] org.hibernate.orm.deprecation            : HHH90000025: PostgreSQLDialect does not need to be specified explicitly using 'hibernate.dialect' (remove the property setting and it will be selected by default)
2024-01-03T12:46:41.603-05:00  INFO 85656 --- [           main] o.h.e.t.j.p.i.JtaPlatformInitiator       : HHH000489: No JTA platform available (set 'hibernate.transaction.jta.platform' to enable JTA platform integration)
2024-01-03T12:46:43.408-05:00  INFO 85656 --- [           main] j.LocalContainerEntityManagerFactoryBean : Initialized JPA EntityManagerFactory for persistence unit 'default'
2024-01-03T12:46:44.048-05:00  WARN 85656 --- [           main] JpaBaseConfiguration$JpaWebConfiguration : spring.jpa.open-in-view is enabled by default. Therefore, database queries may be performed during view rendering. Explicitly configure spring.jpa.open-in-view to disable this warning
2024-01-03T12:46:44.195-05:00  INFO 85656 --- [           main] o.s.s.web.DefaultSecurityFilterChain     : Will secure any request with [org.springframework.security.web.session.DisableEncodeUrlFilter@6e627ab8, org.springframework.security.web.context.request.async.WebAsyncManagerIntegrationFilter@cce672c, org.springframework.security.web.context.SecurityContextHolderFilter@30b29f55, org.springframework.security.web.header.HeaderWriterFilter@674d2b8b, org.springframework.security.web.authentication.logout.LogoutFilter@46ef7340, com.ckdev.guitarshop_api.config.JWTAuthenticationFilter@5315210d, org.springframework.security.web.authentication.www.BasicAuthenticationFilter@113e6e06, org.springframework.security.web.savedrequest.RequestCacheAwareFilter@550e7ef6, org.springframework.security.web.servletapi.SecurityContextHolderAwareRequestFilter@2f0e7008, org.springframework.security.web.authentication.AnonymousAuthenticationFilter@496004e3, org.springframework.security.web.access.ExceptionTranslationFilter@3b72860c, org.springframework.security.web.access.intercept.AuthorizationFilter@3cc2c4b8]
2024-01-03T12:46:44.816-05:00  INFO 85656 --- [           main] c.c.g.repos.GuitarRepoIntegrationTests   : Started GuitarRepoIntegrationTests in 10.723 seconds (process running for 12.825)
Hibernate: select nextval('guitars_seq')
Hibernate: insert into guitars (body_color,brand,color_options,cover_url,description,model,pictures,price,id) values (?,?,?,?,?,?,?,?,?)
Hibernate: select ge1_0.id,ge1_0.body_color,ge1_0.brand,ge1_0.color_options,ge1_0.cover_url,ge1_0.description,ge1_0.model,ge1_0.pictures,ge1_0.price from guitars ge1_0 where ge1_0.id=?
2024-01-03T12:46:46.495-05:00  INFO 85656 --- [           main] j.LocalContainerEntityManagerFactoryBean : Closing JPA EntityManagerFactory for persistence unit 'default'
2024-01-03T12:46:46.501-05:00  INFO 85656 --- [           main] com.zaxxer.hikari.HikariDataSource       : HikariPool-1 - Shutdown initiated...
2024-01-03T12:46:48.329-05:00  INFO 85656 --- [           main] com.zaxxer.hikari.HikariDataSource       : HikariPool-1 - Shutdown completed.
]]></system-out>
  </testcase>
</testsuite>